<?xml version="1.0" encoding="UTF-8"?>
<testng-results skipped="0" failed="0" ignored="0" total="1" passed="1">
  <reporter-output>
  </reporter-output>
  <suite name="DemoProject Suite" duration-ms="28393" started-at="2023-02-20T08:01:06Z" finished-at="2023-02-20T08:01:34Z">
    <groups>
    </groups>
    <test name="Login Page Test" duration-ms="28393" started-at="2023-02-20T08:01:06Z" finished-at="2023-02-20T08:01:34Z">
      <class name="com.qa.tests.LoginTest">
        <test-method status="PASS" signature="setup()[pri:0, instance:com.qa.tests.LoginTest@769e7ee8]" name="setup" is-config="true" duration-ms="5374" started-at="2023-02-20T08:01:06Z" finished-at="2023-02-20T08:01:11Z">
          <reporter-output>
          </reporter-output>
        </test-method> <!-- setup -->
        <test-method status="PASS" signature="verifyLoginCredentialsTest()[pri:1, instance:com.qa.tests.LoginTest@769e7ee8]" name="verifyLoginCredentialsTest" duration-ms="22193" started-at="2023-02-20T08:01:11Z" finished-at="2023-02-20T08:01:34Z">
          <reporter-output>
          </reporter-output>
        </test-method> <!-- verifyLoginCredentialsTest -->
        <test-method status="PASS" signature="tearDown()[pri:0, instance:com.qa.tests.LoginTest@769e7ee8]" name="tearDown" is-config="true" duration-ms="674" started-at="2023-02-20T08:01:34Z" finished-at="2023-02-20T08:01:34Z">
          <reporter-output>
          </reporter-output>
        </test-method> <!-- tearDown -->
      </class> <!-- com.qa.tests.LoginTest -->
    </test> <!-- Login Page Test -->
  </suite> <!-- DemoProject Suite -->
</testng-results>
